<?xml version="1.0" encoding="UTF-8"?>
<!-- Generated by org.testng.reporters.JUnitReportReporter -->
<testsuite hostname="LAPTOP-FPR18068" failures="0" tests="1" name="com.patient.qa.Testcases.patientUITest" time="53.470" errors="0" timestamp="2022-10-30T11:41:20 IST" skipped="0">
  <testcase classname="com.patient.qa.Testcases.patientUITest" name="verifyLanguageTest" time="53.470"/>
  <system-out/>
</testsuite> <!-- com.patient.qa.Testcases.patientUITest -->
